
img_20201229_125806.685111.jpg: 0
img_20201229_125927.712485.jpg: 0
img_20201229_130255.273150.jpg: 1
img_20201229_130258.017891.jpg: 1
img_20201229_130300.282454.jpg: 0
img_20201229_130302.540353.jpg: 0
img_20201229_130304.794064.jpg: 0
img_20201229_130307.051166.jpg: 0
img_20201229_130309.304607.jpg: 0
img_20201229_130311.585081.jpg: 0
img_20201229_130313.825197.jpg: 0
img_20201229_130316.090312.jpg: 0
img_20201229_130318.303244.jpg: 0
img_20201229_130320.541051.jpg: 0
img_20201229_130322.803769.jpg: 0
img_20201229_130325.069145.jpg: 0
img_20201229_130327.330478.jpg: 0
img_20201229_130329.591228.jpg: 0
img_20201229_130331.858518.jpg: 0
img_20201229_130334.123980.jpg: 0
img_20201229_130336.366955.jpg: 1
img_20201229_130338.605327.jpg: 0
img_20201229_130340.860323.jpg: 0
img_20201229_130343.117356.jpg: 0
img_20201229_130345.368715.jpg: 0
img_20201229_130347.625099.jpg: 0
img_20201229_130349.865056.jpg: 0
img_20201229_130352.129943.jpg: 0
img_20201229_130354.384613.jpg: 0
img_20201229_130356.592894.jpg: 0
img_20201229_130358.845711.jpg: 0
img_20201229_130401.102380.jpg: 0
img_20201229_130403.345734.jpg: 0
img_20201229_130405.605324.jpg: 0
img_20201229_130407.840758.jpg: 0
img_20201229_130410.101000.jpg: 0
img_20201229_130412.313165.jpg: 0
img_20201229_130414.624520.jpg: 0
img_20201229_130416.883602.jpg: 0
img_20201229_130419.146840.jpg: 0
img_20201229_130421.363480.jpg: 0
img_20201229_130423.626594.jpg: 0
img_20201229_130425.889550.jpg: 0
img_20201229_130428.151015.jpg: 0
img_20201229_130430.392860.jpg: 0
img_20201229_130432.656219.jpg: 0
img_20201229_130434.907737.jpg: 0
img_20201229_130437.162125.jpg: 0
img_20201229_130439.443602.jpg: 0
img_20201229_130441.706507.jpg: 0
img_20201229_130443.943849.jpg: 0
img_20201229_130446.168642.jpg: 0
img_20201229_130448.415980.jpg: 0
img_20201229_130450.671635.jpg: 0
img_20201229_130452.902605.jpg: 0
img_20201229_130455.145580.jpg: 0
img_20201229_130457.383451.jpg: 0
img_20201229_130459.645391.jpg: 0
img_20201229_130501.905548.jpg: 1
img_20201229_130504.166122.jpg: 0
img_20201229_130506.417236.jpg: 0
img_20201229_130508.670861.jpg: 0
img_20201229_130510.932996.jpg: 0
img_20201229_130513.189740.jpg: 0
img_20201229_130515.423371.jpg: 0
img_20201229_130517.674905.jpg: 0
img_20201229_130519.932068.jpg: 0
img_20201229_130522.192629.jpg: 0
img_20201229_130524.446085.jpg: 0
img_20201229_130526.706727.jpg: 0
img_20201229_130528.964497.jpg: 0
img_20201229_130531.223424.jpg: 0
img_20201229_130533.477665.jpg: 0
img_20201229_130535.707827.jpg: 0
img_20201229_130537.970656.jpg: 0
img_20201229_130540.222222.jpg: 0
img_20201229_130542.482045.jpg: 0
img_20201229_130544.732734.jpg: 0
img_20201229_130546.993982.jpg: 0
img_20201229_130549.224211.jpg: 0
img_20201229_130551.480925.jpg: 0
img_20201229_130553.697856.jpg: 0
img_20201229_130556.292112.jpg: 0
img_20201229_130558.553276.jpg: 1
img_20201229_130600.794709.jpg: 0
img_20201229_130603.047346.jpg: 0
img_20201229_130605.298310.jpg: 0
img_20201229_130607.555153.jpg: 0
img_20201229_130609.811550.jpg: 1
img_20201229_130612.065351.jpg: 0
img_20201229_130614.327962.jpg: 0
img_20201229_130616.584536.jpg: 0
img_20201229_130618.842496.jpg: 0
img_20201229_130621.100796.jpg: 0
img_20201229_130623.349692.jpg: 0
img_20201229_130625.610295.jpg: 0
img_20201229_130627.869141.jpg: 0
img_20201229_130630.101133.jpg: 0
img_20201229_130632.333512.jpg: 0
img_20201229_130634.602671.jpg: 0
img_20201229_130636.859442.jpg: 0
img_20201229_130639.116054.jpg: 0
img_20201229_130641.348918.jpg: 0
img_20201229_130643.602322.jpg: 0
img_20201229_130645.859244.jpg: 0
img_20201229_130648.095178.jpg: 0
img_20201229_130650.350738.jpg: 0
img_20201229_130652.602915.jpg: 0
img_20201229_130654.832176.jpg: 0
img_20201229_130657.091977.jpg: 0
img_20201229_130659.344816.jpg: 0
img_20201229_130701.601505.jpg: 1
img_20201229_130703.844551.jpg: 1
img_20201229_130706.101195.jpg: 1
img_20201229_130708.346968.jpg: 1
img_20201229_130710.604059.jpg: 0
img_20201229_130712.851343.jpg: 0
img_20201229_130715.109897.jpg: 0
img_20201229_130717.363269.jpg: 0
img_20201229_130719.602548.jpg: 0
img_20201229_130721.859660.jpg: 0
img_20201229_130724.112921.jpg: 1
img_20201229_130726.370435.jpg: 0
img_20201229_130728.619151.jpg: 0
img_20201229_130730.871731.jpg: 0
img_20201229_130733.103498.jpg: 0
img_20201229_130735.362518.jpg: 1
img_20201229_130737.608422.jpg: 0
img_20201229_130739.862616.jpg: 0